{"/Users/zwing/my-project/promise/index.js":{"path":"/Users/zwing/my-project/promise/index.js","s":{"1":1,"2":1,"3":1,"4":1,"5":105,"6":60,"7":60,"8":60,"9":60,"10":60,"11":60,"12":1,"13":59,"14":59,"15":2,"16":56,"17":49,"18":49,"19":49,"20":11,"21":10,"22":10,"23":10,"24":10,"25":10,"26":1,"27":42,"28":42,"29":42,"30":1,"31":42,"32":42,"33":6,"34":1,"35":42,"36":0,"37":42,"38":2,"39":40,"40":42,"41":32,"42":42,"43":10,"44":42,"45":27,"46":27,"47":15,"48":11,"49":4,"50":6,"51":2,"52":1,"53":1,"54":1,"55":1,"56":3,"57":1,"58":2,"59":1,"60":1,"61":1,"62":1,"63":1,"64":2,"65":2,"66":1,"67":1,"68":1,"69":1},"b":{"1":[1,59],"2":[49,7],"3":[49,21],"4":[10,1],"5":[10,6],"6":[1,9],"7":[1,0],"8":[41,1],"9":[0,42],"10":[2,40],"11":[42,12,2],"12":[10,1],"13":[27,15],"14":[11,4],"15":[1,2],"16":[1,1],"17":[2,2,1]},"f":{"1":105,"2":60,"3":56,"4":11,"5":42,"6":42,"7":42,"8":42,"9":32,"10":10,"11":6,"12":2,"13":3,"14":1,"15":1,"16":1,"17":2,"18":2},"fnMap":{"1":{"name":"_isFunction","line":5,"loc":{"start":{"line":5,"column":0},"end":{"line":5,"column":26}}},"2":{"name":"(anonymous_2)","line":10,"loc":{"start":{"line":10,"column":15},"end":{"line":10,"column":20}}},"3":{"name":"(anonymous_3)","line":44,"loc":{"start":{"line":44,"column":11},"end":{"line":44,"column":17}}},"4":{"name":"(anonymous_4)","line":56,"loc":{"start":{"line":56,"column":10},"end":{"line":56,"column":14}}},"5":{"name":"(anonymous_5)","line":84,"loc":{"start":{"line":84,"column":8},"end":{"line":84,"column":45}}},"6":{"name":"(anonymous_6)","line":91,"loc":{"start":{"line":91,"column":28},"end":{"line":91,"column":62}}},"7":{"name":"execute","line":97,"loc":{"start":{"line":97,"column":12},"end":{"line":97,"column":34}}},"8":{"name":"handlePromise","line":115,"loc":{"start":{"line":115,"column":12},"end":{"line":115,"column":40}}},"9":{"name":"(anonymous_9)","line":128,"loc":{"start":{"line":128,"column":30},"end":{"line":128,"column":41}}},"10":{"name":"(anonymous_10)","line":133,"loc":{"start":{"line":133,"column":29},"end":{"line":133,"column":40}}},"11":{"name":"(anonymous_11)","line":151,"loc":{"start":{"line":151,"column":9},"end":{"line":151,"column":18}}},"12":{"name":"(anonymous_12)","line":155,"loc":{"start":{"line":155,"column":11},"end":{"line":155,"column":17}}},"13":{"name":"(anonymous_13)","line":164,"loc":{"start":{"line":164,"column":18},"end":{"line":164,"column":24}}},"14":{"name":"(anonymous_14)","line":181,"loc":{"start":{"line":181,"column":32},"end":{"line":181,"column":51}}},"15":{"name":"(anonymous_15)","line":183,"loc":{"start":{"line":183,"column":27},"end":{"line":183,"column":38}}},"16":{"name":"(anonymous_16)","line":194,"loc":{"start":{"line":194,"column":28},"end":{"line":194,"column":42}}},"17":{"name":"(anonymous_17)","line":199,"loc":{"start":{"line":199,"column":17},"end":{"line":199,"column":26}}},"18":{"name":"(anonymous_18)","line":204,"loc":{"start":{"line":204,"column":28},"end":{"line":204,"column":47}}}},"statementMap":{"1":{"start":{"line":1,"column":0},"end":{"line":1,"column":25}},"2":{"start":{"line":2,"column":0},"end":{"line":2,"column":27}},"3":{"start":{"line":3,"column":0},"end":{"line":3,"column":23}},"4":{"start":{"line":5,"column":0},"end":{"line":7,"column":1}},"5":{"start":{"line":6,"column":4},"end":{"line":6,"column":36}},"6":{"start":{"line":12,"column":8},"end":{"line":12,"column":29}},"7":{"start":{"line":15,"column":8},"end":{"line":15,"column":37}},"8":{"start":{"line":17,"column":8},"end":{"line":17,"column":36}},"9":{"start":{"line":19,"column":8},"end":{"line":19,"column":25}},"10":{"start":{"line":22,"column":8},"end":{"line":22,"column":34}},"11":{"start":{"line":23,"column":8},"end":{"line":25,"column":9}},"12":{"start":{"line":24,"column":12},"end":{"line":24,"column":71}},"13":{"start":{"line":26,"column":8},"end":{"line":42,"column":9}},"14":{"start":{"line":27,"column":12},"end":{"line":27,"column":63}},"15":{"start":{"line":41,"column":12},"end":{"line":41,"column":26}},"16":{"start":{"line":47,"column":8},"end":{"line":54,"column":9}},"17":{"start":{"line":49,"column":12},"end":{"line":49,"column":28}},"18":{"start":{"line":51,"column":12},"end":{"line":51,"column":34}},"19":{"start":{"line":53,"column":12},"end":{"line":53,"column":62}},"20":{"start":{"line":59,"column":8},"end":{"line":77,"column":9}},"21":{"start":{"line":60,"column":12},"end":{"line":60,"column":26}},"22":{"start":{"line":61,"column":12},"end":{"line":61,"column":32}},"23":{"start":{"line":63,"column":12},"end":{"line":63,"column":60}},"24":{"start":{"line":66,"column":12},"end":{"line":70,"column":14}},"25":{"start":{"line":67,"column":16},"end":{"line":69,"column":17}},"26":{"start":{"line":68,"column":20},"end":{"line":68,"column":90}},"27":{"start":{"line":85,"column":8},"end":{"line":85,"column":25}},"28":{"start":{"line":87,"column":8},"end":{"line":87,"column":33}},"29":{"start":{"line":91,"column":8},"end":{"line":149,"column":10}},"30":{"start":{"line":97,"column":12},"end":{"line":108,"column":13}},"31":{"start":{"line":98,"column":16},"end":{"line":107,"column":17}},"32":{"start":{"line":102,"column":20},"end":{"line":102,"column":67}},"33":{"start":{"line":106,"column":20},"end":{"line":106,"column":40}},"34":{"start":{"line":115,"column":12},"end":{"line":126,"column":13}},"35":{"start":{"line":116,"column":16},"end":{"line":118,"column":17}},"36":{"start":{"line":117,"column":20},"end":{"line":117,"column":43}},"37":{"start":{"line":120,"column":16},"end":{"line":125,"column":17}},"38":{"start":{"line":121,"column":20},"end":{"line":121,"column":53}},"39":{"start":{"line":124,"column":20},"end":{"line":124,"column":36}},"40":{"start":{"line":128,"column":12},"end":{"line":130,"column":13}},"41":{"start":{"line":129,"column":16},"end":{"line":129,"column":50}},"42":{"start":{"line":133,"column":12},"end":{"line":135,"column":13}},"43":{"start":{"line":134,"column":16},"end":{"line":134,"column":63}},"44":{"start":{"line":136,"column":12},"end":{"line":148,"column":13}},"45":{"start":{"line":140,"column":16},"end":{"line":140,"column":50}},"46":{"start":{"line":141,"column":16},"end":{"line":141,"column":48}},"47":{"start":{"line":142,"column":19},"end":{"line":148,"column":13}},"48":{"start":{"line":144,"column":16},"end":{"line":144,"column":40}},"49":{"start":{"line":147,"column":16},"end":{"line":147,"column":39}},"50":{"start":{"line":153,"column":8},"end":{"line":153,"column":43}},"51":{"start":{"line":156,"column":8},"end":{"line":162,"column":10}},"52":{"start":{"line":157,"column":12},"end":{"line":157,"column":17}},"53":{"start":{"line":158,"column":12},"end":{"line":158,"column":22}},"54":{"start":{"line":160,"column":12},"end":{"line":160,"column":17}},"55":{"start":{"line":161,"column":12},"end":{"line":161,"column":21}},"56":{"start":{"line":167,"column":8},"end":{"line":187,"column":9}},"57":{"start":{"line":168,"column":12},"end":{"line":168,"column":22}},"58":{"start":{"line":169,"column":15},"end":{"line":187,"column":9}},"59":{"start":{"line":181,"column":12},"end":{"line":186,"column":14}},"60":{"start":{"line":183,"column":16},"end":{"line":185,"column":21}},"61":{"start":{"line":184,"column":20},"end":{"line":184,"column":38}},"62":{"start":{"line":194,"column":8},"end":{"line":194,"column":53}},"63":{"start":{"line":194,"column":43},"end":{"line":194,"column":51}},"64":{"start":{"line":204,"column":8},"end":{"line":204,"column":61}},"65":{"start":{"line":204,"column":48},"end":{"line":204,"column":59}},"66":{"start":{"line":207,"column":0},"end":{"line":207,"column":26}},"67":{"start":{"line":208,"column":0},"end":{"line":208,"column":28}},"68":{"start":{"line":209,"column":0},"end":{"line":209,"column":24}},"69":{"start":{"line":210,"column":0},"end":{"line":210,"column":25}}},"branchMap":{"1":{"line":23,"type":"if","locations":[{"start":{"line":23,"column":8},"end":{"line":23,"column":8}},{"start":{"line":23,"column":8},"end":{"line":23,"column":8}}]},"2":{"line":47,"type":"if","locations":[{"start":{"line":47,"column":8},"end":{"line":47,"column":8}},{"start":{"line":47,"column":8},"end":{"line":47,"column":8}}]},"3":{"line":53,"type":"binary-expr","locations":[{"start":{"line":53,"column":12},"end":{"line":53,"column":34}},{"start":{"line":53,"column":38},"end":{"line":53,"column":62}}]},"4":{"line":59,"type":"if","locations":[{"start":{"line":59,"column":8},"end":{"line":59,"column":8}},{"start":{"line":59,"column":8},"end":{"line":59,"column":8}}]},"5":{"line":63,"type":"binary-expr","locations":[{"start":{"line":63,"column":12},"end":{"line":63,"column":33}},{"start":{"line":63,"column":37},"end":{"line":63,"column":60}}]},"6":{"line":67,"type":"if","locations":[{"start":{"line":67,"column":16},"end":{"line":67,"column":16}},{"start":{"line":67,"column":16},"end":{"line":67,"column":16}}]},"7":{"line":68,"type":"binary-expr","locations":[{"start":{"line":68,"column":75},"end":{"line":68,"column":84}},{"start":{"line":68,"column":88},"end":{"line":68,"column":89}}]},"8":{"line":102,"type":"cond-expr","locations":[{"start":{"line":102,"column":46},"end":{"line":102,"column":61}},{"start":{"line":102,"column":64},"end":{"line":102,"column":67}}]},"9":{"line":116,"type":"if","locations":[{"start":{"line":116,"column":16},"end":{"line":116,"column":16}},{"start":{"line":116,"column":16},"end":{"line":116,"column":16}}]},"10":{"line":120,"type":"if","locations":[{"start":{"line":120,"column":16},"end":{"line":120,"column":16}},{"start":{"line":120,"column":16},"end":{"line":120,"column":16}}]},"11":{"line":120,"type":"binary-expr","locations":[{"start":{"line":120,"column":19},"end":{"line":120,"column":22}},{"start":{"line":120,"column":26},"end":{"line":120,"column":34}},{"start":{"line":120,"column":38},"end":{"line":120,"column":59}}]},"12":{"line":134,"type":"binary-expr","locations":[{"start":{"line":134,"column":38},"end":{"line":134,"column":47}},{"start":{"line":134,"column":51},"end":{"line":134,"column":61}}]},"13":{"line":136,"type":"if","locations":[{"start":{"line":136,"column":12},"end":{"line":136,"column":12}},{"start":{"line":136,"column":12},"end":{"line":136,"column":12}}]},"14":{"line":142,"type":"if","locations":[{"start":{"line":142,"column":19},"end":{"line":142,"column":19}},{"start":{"line":142,"column":19},"end":{"line":142,"column":19}}]},"15":{"line":167,"type":"if","locations":[{"start":{"line":167,"column":8},"end":{"line":167,"column":8}},{"start":{"line":167,"column":8},"end":{"line":167,"column":8}}]},"16":{"line":169,"type":"if","locations":[{"start":{"line":169,"column":15},"end":{"line":169,"column":15}},{"start":{"line":169,"column":15},"end":{"line":169,"column":15}}]},"17":{"line":169,"type":"binary-expr","locations":[{"start":{"line":169,"column":18},"end":{"line":169,"column":21}},{"start":{"line":169,"column":25},"end":{"line":169,"column":33}},{"start":{"line":169,"column":37},"end":{"line":169,"column":58}}]}}}}