{"/Users/zwing/my-project/promise/index.js":{"path":"/Users/zwing/my-project/promise/index.js","s":{"1":1,"2":1,"3":1,"4":1,"5":34,"6":42,"7":42,"8":42,"9":42,"10":42,"11":42,"12":2,"13":41,"14":41,"15":36,"16":36,"17":36,"18":19,"19":7,"20":7,"21":6,"22":6,"23":6,"24":5,"25":5,"26":1,"27":32,"28":32,"29":1,"30":32,"31":2,"32":30,"33":1,"34":32,"35":32,"36":4,"37":32,"38":26,"39":32,"40":6,"41":32,"42":24,"43":24,"44":8,"45":7,"46":1,"47":3,"48":1,"49":1,"50":1,"51":1},"b":{"1":[36,5],"2":[6,1],"3":[5,1],"4":[2,30],"5":[32,10,2],"6":[31,1],"7":[6,1],"8":[24,8],"9":[7,1]},"f":{"1":34,"2":42,"3":41,"4":7,"5":32,"6":32,"7":32,"8":32,"9":26,"10":6,"11":3},"fnMap":{"1":{"name":"_isFunction","line":5,"loc":{"start":{"line":5,"column":0},"end":{"line":5,"column":26}}},"2":{"name":"(anonymous_2)","line":10,"loc":{"start":{"line":10,"column":15},"end":{"line":10,"column":20}}},"3":{"name":"(anonymous_3)","line":37,"loc":{"start":{"line":37,"column":11},"end":{"line":37,"column":17}}},"4":{"name":"(anonymous_4)","line":54,"loc":{"start":{"line":54,"column":10},"end":{"line":54,"column":14}}},"5":{"name":"(anonymous_5)","line":78,"loc":{"start":{"line":78,"column":8},"end":{"line":78,"column":45}}},"6":{"name":"(anonymous_6)","line":83,"loc":{"start":{"line":83,"column":28},"end":{"line":83,"column":62}}},"7":{"name":"handlePromise","line":91,"loc":{"start":{"line":91,"column":12},"end":{"line":91,"column":40}}},"8":{"name":"execute","line":102,"loc":{"start":{"line":102,"column":12},"end":{"line":102,"column":34}}},"9":{"name":"(anonymous_9)","line":113,"loc":{"start":{"line":113,"column":30},"end":{"line":113,"column":41}}},"10":{"name":"(anonymous_10)","line":118,"loc":{"start":{"line":118,"column":29},"end":{"line":118,"column":40}}},"11":{"name":"(anonymous_11)","line":134,"loc":{"start":{"line":134,"column":9},"end":{"line":134,"column":18}}}},"statementMap":{"1":{"start":{"line":1,"column":0},"end":{"line":1,"column":25}},"2":{"start":{"line":2,"column":0},"end":{"line":2,"column":27}},"3":{"start":{"line":3,"column":0},"end":{"line":3,"column":23}},"4":{"start":{"line":5,"column":0},"end":{"line":7,"column":1}},"5":{"start":{"line":6,"column":4},"end":{"line":6,"column":36}},"6":{"start":{"line":12,"column":8},"end":{"line":12,"column":29}},"7":{"start":{"line":14,"column":8},"end":{"line":14,"column":35}},"8":{"start":{"line":16,"column":8},"end":{"line":16,"column":34}},"9":{"start":{"line":18,"column":8},"end":{"line":18,"column":25}},"10":{"start":{"line":19,"column":8},"end":{"line":35,"column":9}},"11":{"start":{"line":20,"column":12},"end":{"line":20,"column":63}},"12":{"start":{"line":34,"column":12},"end":{"line":34,"column":26}},"13":{"start":{"line":39,"column":8},"end":{"line":52,"column":10}},"14":{"start":{"line":42,"column":12},"end":{"line":51,"column":13}},"15":{"start":{"line":44,"column":16},"end":{"line":44,"column":32}},"16":{"start":{"line":46,"column":16},"end":{"line":46,"column":38}},"17":{"start":{"line":48,"column":16},"end":{"line":50,"column":18}},"18":{"start":{"line":49,"column":20},"end":{"line":49,"column":36}},"19":{"start":{"line":56,"column":8},"end":{"line":71,"column":10}},"20":{"start":{"line":59,"column":12},"end":{"line":70,"column":13}},"21":{"start":{"line":60,"column":16},"end":{"line":60,"column":30}},"22":{"start":{"line":61,"column":16},"end":{"line":61,"column":36}},"23":{"start":{"line":63,"column":16},"end":{"line":69,"column":17}},"24":{"start":{"line":64,"column":20},"end":{"line":66,"column":22}},"25":{"start":{"line":65,"column":24},"end":{"line":65,"column":40}},"26":{"start":{"line":68,"column":20},"end":{"line":68,"column":69}},"27":{"start":{"line":79,"column":8},"end":{"line":79,"column":25}},"28":{"start":{"line":83,"column":8},"end":{"line":132,"column":10}},"29":{"start":{"line":91,"column":12},"end":{"line":97,"column":13}},"30":{"start":{"line":92,"column":16},"end":{"line":96,"column":17}},"31":{"start":{"line":93,"column":20},"end":{"line":93,"column":53}},"32":{"start":{"line":95,"column":20},"end":{"line":95,"column":36}},"33":{"start":{"line":102,"column":12},"end":{"line":111,"column":13}},"34":{"start":{"line":103,"column":16},"end":{"line":110,"column":17}},"35":{"start":{"line":105,"column":20},"end":{"line":105,"column":67}},"36":{"start":{"line":109,"column":20},"end":{"line":109,"column":40}},"37":{"start":{"line":113,"column":12},"end":{"line":115,"column":13}},"38":{"start":{"line":114,"column":16},"end":{"line":114,"column":50}},"39":{"start":{"line":118,"column":12},"end":{"line":120,"column":13}},"40":{"start":{"line":119,"column":16},"end":{"line":119,"column":63}},"41":{"start":{"line":121,"column":12},"end":{"line":131,"column":13}},"42":{"start":{"line":123,"column":16},"end":{"line":123,"column":54}},"43":{"start":{"line":124,"column":16},"end":{"line":124,"column":52}},"44":{"start":{"line":125,"column":19},"end":{"line":131,"column":13}},"45":{"start":{"line":127,"column":16},"end":{"line":127,"column":27}},"46":{"start":{"line":130,"column":16},"end":{"line":130,"column":26}},"47":{"start":{"line":136,"column":8},"end":{"line":136,"column":43}},"48":{"start":{"line":139,"column":0},"end":{"line":139,"column":26}},"49":{"start":{"line":140,"column":0},"end":{"line":140,"column":28}},"50":{"start":{"line":141,"column":0},"end":{"line":141,"column":24}},"51":{"start":{"line":142,"column":0},"end":{"line":142,"column":25}}},"branchMap":{"1":{"line":42,"type":"if","locations":[{"start":{"line":42,"column":12},"end":{"line":42,"column":12}},{"start":{"line":42,"column":12},"end":{"line":42,"column":12}}]},"2":{"line":59,"type":"if","locations":[{"start":{"line":59,"column":12},"end":{"line":59,"column":12}},{"start":{"line":59,"column":12},"end":{"line":59,"column":12}}]},"3":{"line":63,"type":"if","locations":[{"start":{"line":63,"column":16},"end":{"line":63,"column":16}},{"start":{"line":63,"column":16},"end":{"line":63,"column":16}}]},"4":{"line":92,"type":"if","locations":[{"start":{"line":92,"column":16},"end":{"line":92,"column":16}},{"start":{"line":92,"column":16},"end":{"line":92,"column":16}}]},"5":{"line":92,"type":"binary-expr","locations":[{"start":{"line":92,"column":19},"end":{"line":92,"column":22}},{"start":{"line":92,"column":26},"end":{"line":92,"column":34}},{"start":{"line":92,"column":38},"end":{"line":92,"column":59}}]},"6":{"line":105,"type":"cond-expr","locations":[{"start":{"line":105,"column":46},"end":{"line":105,"column":61}},{"start":{"line":105,"column":64},"end":{"line":105,"column":67}}]},"7":{"line":119,"type":"binary-expr","locations":[{"start":{"line":119,"column":38},"end":{"line":119,"column":47}},{"start":{"line":119,"column":51},"end":{"line":119,"column":61}}]},"8":{"line":121,"type":"if","locations":[{"start":{"line":121,"column":12},"end":{"line":121,"column":12}},{"start":{"line":121,"column":12},"end":{"line":121,"column":12}}]},"9":{"line":125,"type":"if","locations":[{"start":{"line":125,"column":19},"end":{"line":125,"column":19}},{"start":{"line":125,"column":19},"end":{"line":125,"column":19}}]}}}}