TN:
SF:/Users/zwing/my-project/promise/index.js
FN:5,_isFunction
FN:10,(anonymous_2)
FN:37,(anonymous_3)
FN:54,(anonymous_4)
FN:78,(anonymous_5)
FN:83,(anonymous_6)
FN:91,handlePromise
FN:102,execute
FN:113,(anonymous_9)
FN:118,(anonymous_10)
FN:134,(anonymous_11)
FNF:11
FNH:11
FNDA:34,_isFunction
FNDA:42,(anonymous_2)
FNDA:41,(anonymous_3)
FNDA:7,(anonymous_4)
FNDA:32,(anonymous_5)
FNDA:32,(anonymous_6)
FNDA:32,handlePromise
FNDA:32,execute
FNDA:26,(anonymous_9)
FNDA:6,(anonymous_10)
FNDA:3,(anonymous_11)
DA:1,1
DA:2,1
DA:3,1
DA:5,1
DA:6,34
DA:12,42
DA:14,42
DA:16,42
DA:18,42
DA:19,42
DA:20,42
DA:34,2
DA:39,41
DA:42,41
DA:44,36
DA:46,36
DA:48,36
DA:49,19
DA:56,7
DA:59,7
DA:60,6
DA:61,6
DA:63,6
DA:64,5
DA:65,5
DA:68,1
DA:79,32
DA:83,32
DA:91,1
DA:92,32
DA:93,2
DA:95,30
DA:102,1
DA:103,32
DA:105,32
DA:109,4
DA:113,32
DA:114,26
DA:118,32
DA:119,6
DA:121,32
DA:123,24
DA:124,24
DA:125,8
DA:127,7
DA:130,1
DA:136,3
DA:139,1
DA:140,1
DA:141,1
DA:142,1
LF:51
LH:51
BRDA:42,1,0,36
BRDA:42,1,1,5
BRDA:59,2,0,6
BRDA:59,2,1,1
BRDA:63,3,0,5
BRDA:63,3,1,1
BRDA:92,4,0,2
BRDA:92,4,1,30
BRDA:92,5,0,32
BRDA:92,5,1,10
BRDA:92,5,2,2
BRDA:105,6,0,31
BRDA:105,6,1,1
BRDA:119,7,0,6
BRDA:119,7,1,1
BRDA:121,8,0,24
BRDA:121,8,1,8
BRDA:125,9,0,7
BRDA:125,9,1,1
BRF:19
BRH:19
end_of_record
