TN:
SF:/Users/zwing/my-project/promise/index.js
FN:5,_isFunction
FN:10,(anonymous_2)
FN:44,(anonymous_3)
FN:56,(anonymous_4)
FN:84,(anonymous_5)
FN:91,(anonymous_6)
FN:97,execute
FN:115,handlePromise
FN:128,(anonymous_9)
FN:133,(anonymous_10)
FN:151,(anonymous_11)
FN:155,(anonymous_12)
FN:164,(anonymous_13)
FN:181,(anonymous_14)
FN:183,(anonymous_15)
FN:194,(anonymous_16)
FN:199,(anonymous_17)
FN:204,(anonymous_18)
FNF:18
FNH:18
FNDA:105,_isFunction
FNDA:60,(anonymous_2)
FNDA:56,(anonymous_3)
FNDA:11,(anonymous_4)
FNDA:42,(anonymous_5)
FNDA:42,(anonymous_6)
FNDA:42,execute
FNDA:42,handlePromise
FNDA:32,(anonymous_9)
FNDA:10,(anonymous_10)
FNDA:6,(anonymous_11)
FNDA:2,(anonymous_12)
FNDA:3,(anonymous_13)
FNDA:1,(anonymous_14)
FNDA:1,(anonymous_15)
FNDA:1,(anonymous_16)
FNDA:2,(anonymous_17)
FNDA:2,(anonymous_18)
DA:1,1
DA:2,1
DA:3,1
DA:5,1
DA:6,105
DA:12,60
DA:15,60
DA:17,60
DA:19,60
DA:22,60
DA:23,60
DA:24,1
DA:26,59
DA:27,59
DA:41,2
DA:47,56
DA:49,49
DA:51,49
DA:53,49
DA:59,11
DA:60,10
DA:61,10
DA:63,10
DA:66,10
DA:67,10
DA:68,1
DA:85,42
DA:87,42
DA:91,42
DA:97,1
DA:98,42
DA:102,42
DA:106,6
DA:115,1
DA:116,42
DA:117,0
DA:120,42
DA:121,2
DA:124,40
DA:128,42
DA:129,32
DA:133,42
DA:134,10
DA:136,42
DA:140,27
DA:141,27
DA:142,15
DA:144,11
DA:147,4
DA:153,6
DA:156,2
DA:157,1
DA:158,1
DA:160,1
DA:161,1
DA:167,3
DA:168,1
DA:169,2
DA:181,1
DA:183,1
DA:184,1
DA:194,1
DA:204,2
DA:207,1
DA:208,1
DA:209,1
DA:210,1
LF:67
LH:66
BRDA:23,1,0,1
BRDA:23,1,1,59
BRDA:47,2,0,49
BRDA:47,2,1,7
BRDA:53,3,0,49
BRDA:53,3,1,21
BRDA:59,4,0,10
BRDA:59,4,1,1
BRDA:63,5,0,10
BRDA:63,5,1,6
BRDA:67,6,0,1
BRDA:67,6,1,9
BRDA:68,7,0,1
BRDA:68,7,1,0
BRDA:102,8,0,41
BRDA:102,8,1,1
BRDA:116,9,0,0
BRDA:116,9,1,42
BRDA:120,10,0,2
BRDA:120,10,1,40
BRDA:120,11,0,42
BRDA:120,11,1,12
BRDA:120,11,2,2
BRDA:134,12,0,10
BRDA:134,12,1,1
BRDA:136,13,0,27
BRDA:136,13,1,15
BRDA:142,14,0,11
BRDA:142,14,1,4
BRDA:167,15,0,1
BRDA:167,15,1,2
BRDA:169,16,0,1
BRDA:169,16,1,1
BRDA:169,17,0,2
BRDA:169,17,1,2
BRDA:169,17,2,1
BRF:36
BRH:34
end_of_record
